0 verbose cli /usr/local/bin/node /usr/local/bin/npm
1 info using npm@9.5.1
2 info using node@v18.16.0
3 timing npm:load:whichnode Completed in 1ms
4 timing config:load:defaults Completed in 2ms
5 timing config:load:file:/usr/local/lib/node_modules/npm/npmrc Completed in 0ms
6 timing config:load:builtin Completed in 0ms
7 timing config:load:cli Completed in 3ms
8 timing config:load:env Completed in 0ms
9 timing config:load:file:/usr/src/app/.cache/typescript/4.7/.npmrc Completed in 0ms
10 timing config:load:project Completed in 3ms
11 timing config:load:file:/usr/src/app/.npmrc Completed in 1ms
12 timing config:load:user Completed in 1ms
13 timing config:load:file:/usr/local/etc/npmrc Completed in 1ms
14 timing config:load:global Completed in 1ms
15 timing config:load:setEnvs Completed in 2ms
16 timing config:load Completed in 13ms
17 timing npm:load:configload Completed in 13ms
18 timing npm:load:mkdirpcache Completed in 1ms
19 timing npm:load:mkdirplogs Completed in 0ms
20 verbose title npm install @types/bootstrap@ts4.7 @types/json-server@ts4.7 @types/karma@ts4.7 @types/karma-chrome-launcher@ts4.7 @types/karma-coverage@ts4.7 @types/karma-jasmine@ts4.7 @types/karma-jasmine-html-reporter@ts4.7
21 verbose argv "install" "--ignore-scripts" "@types/bootstrap@ts4.7" "@types/json-server@ts4.7" "@types/karma@ts4.7" "@types/karma-chrome-launcher@ts4.7" "@types/karma-coverage@ts4.7" "@types/karma-jasmine@ts4.7" "@types/karma-jasmine-html-reporter@ts4.7" "--save-dev" "--user-agent" "typesInstaller/4.7.3"
22 timing npm:load:setTitle Completed in 2ms
23 timing config:load:flatten Completed in 4ms
24 timing npm:load:display Completed in 5ms
25 verbose logfile logs-max:10 dir:/usr/src/app/.npm/_logs/2023-05-25T00_18_20_970Z-
26 verbose logfile /usr/src/app/.npm/_logs/2023-05-25T00_18_20_970Z-debug-0.log
27 timing npm:load:logFile Completed in 9ms
28 timing npm:load:timers Completed in 0ms
29 timing npm:load:configScope Completed in 0ms
30 timing npm:load Completed in 33ms
31 timing arborist:ctor Completed in 0ms
32 silly logfile done cleaning log files
33 timing idealTree:init Completed in 20ms
34 timing arborist:ctor Completed in 0ms
35 http fetch GET 200 https://registry.npmjs.org/@types%2fkarma-chrome-launcher 538ms (cache miss)
36 http fetch GET 200 https://registry.npmjs.org/@types%2fkarma-jasmine-html-reporter 540ms (cache miss)
37 http fetch GET 200 https://registry.npmjs.org/@types%2fkarma-coverage 545ms (cache miss)
38 http fetch GET 200 https://registry.npmjs.org/@types%2fkarma-jasmine 546ms (cache miss)
39 http fetch GET 200 https://registry.npmjs.org/@types%2fkarma 584ms (cache miss)
40 http fetch GET 200 https://registry.npmjs.org/@types%2fjson-server 2318ms (cache miss)
41 http fetch GET 200 https://registry.npmjs.org/@types%2fbootstrap 2512ms (cache miss)
42 timing idealTree:userRequests Completed in 2518ms
43 silly idealTree buildDeps
44 silly fetch manifest @types/karma-chrome-launcher@3.1.1
45 silly fetch manifest @types/karma-jasmine-html-reporter@1.7.0
46 silly fetch manifest @types/karma-coverage@2.0.1
47 silly fetch manifest @types/karma-jasmine@4.0.2
48 silly fetch manifest @types/karma@6.3.3
49 silly fetch manifest @types/json-server@0.14.4
50 silly fetch manifest @types/bootstrap@5.2.6
51 silly placeDep ROOT @types/bootstrap@5.2.6 OK for:  want: 5.2.6
52 silly placeDep ROOT @types/json-server@0.14.4 OK for:  want: 0.14.4
53 silly placeDep ROOT @types/karma@6.3.3 OK for:  want: 6.3.3
54 silly placeDep ROOT @types/karma-chrome-launcher@3.1.1 OK for:  want: 3.1.1
55 silly placeDep ROOT @types/karma-coverage@2.0.1 OK for:  want: 2.0.1
56 silly placeDep ROOT @types/karma-jasmine@4.0.2 OK for:  want: 4.0.2
57 silly placeDep ROOT @types/karma-jasmine-html-reporter@1.7.0 OK for:  want: 1.7.0
58 silly fetch manifest @popperjs/core@^2.9.2
59 silly fetch manifest @types/connect@*
60 silly fetch manifest @types/express@*
61 silly fetch manifest @types/lowdb@*
62 silly fetch manifest @types/node@*
63 silly fetch manifest log4js@^6.4.1
64 silly fetch manifest @types/istanbul@*
65 silly fetch manifest @types/jasmine@*
66 http fetch GET 200 https://registry.npmjs.org/@types%2fconnect 98ms (cache miss)
67 http fetch GET 200 https://registry.npmjs.org/@types%2fexpress 235ms (cache miss)
68 http fetch GET 200 https://registry.npmjs.org/log4js 645ms (cache miss)
69 http fetch GET 200 https://registry.npmjs.org/@popperjs%2fcore 884ms (cache revalidated)
70 http fetch GET 200 https://registry.npmjs.org/@types%2fistanbul 1249ms (cache miss)
71 http fetch GET 200 https://registry.npmjs.org/@types%2fnode 1733ms (cache miss)
72 http fetch GET 200 https://registry.npmjs.org/@types%2flowdb 1912ms (cache miss)
73 http fetch GET 200 https://registry.npmjs.org/@types%2fjasmine 2225ms (cache miss)
74 timing idealTree:#root Completed in 2256ms
75 silly placeDep ROOT @popperjs/core@2.11.7 OK for: @types/bootstrap@5.2.6 want: ^2.9.2
76 timing idealTree:node_modules/@types/bootstrap Completed in 10ms
77 timing idealTree:node_modules/@popperjs/core Completed in 0ms
78 silly placeDep ROOT @types/connect@3.4.35 OK for: @types/json-server@0.14.4 want: *
79 silly placeDep ROOT @types/express@4.17.17 OK for: @types/json-server@0.14.4 want: *
80 silly placeDep ROOT @types/lowdb@1.0.11 OK for: @types/json-server@0.14.4 want: *
81 silly fetch manifest @types/body-parser@*
82 silly fetch manifest @types/express-serve-static-core@^4.17.33
83 silly fetch manifest @types/qs@*
84 silly fetch manifest @types/serve-static@*
85 silly fetch manifest @types/lodash@*
86 http fetch GET 200 https://registry.npmjs.org/@types%2fbody-parser 125ms (cache miss)
87 http fetch GET 200 https://registry.npmjs.org/@types%2fqs 295ms (cache miss)
88 http fetch GET 200 https://registry.npmjs.org/@types%2fserve-static 315ms (cache miss)
89 http fetch GET 200 https://registry.npmjs.org/@types%2fexpress-serve-static-core 351ms (cache miss)
90 http fetch GET 200 https://registry.npmjs.org/@types%2flodash 629ms (cache miss)
91 timing idealTree:node_modules/@types/json-server Completed in 674ms
92 silly placeDep ROOT @types/node@20.2.3 OK for: @types/connect@3.4.35 want: *
93 timing idealTree:node_modules/@types/connect Completed in 6ms
94 silly placeDep ROOT @types/body-parser@1.19.2 OK for: @types/express@4.17.17 want: *
95 silly placeDep ROOT @types/express-serve-static-core@4.17.35 OK for: @types/express@4.17.17 want: ^4.17.33
96 silly placeDep ROOT @types/qs@6.9.7 OK for: @types/express@4.17.17 want: *
97 silly placeDep ROOT @types/serve-static@1.15.1 OK for: @types/express@4.17.17 want: *
98 silly fetch manifest @types/range-parser@*
99 silly fetch manifest @types/send@*
100 silly fetch manifest @types/mime@*
101 http fetch GET 200 https://registry.npmjs.org/@types%2frange-parser 108ms (cache miss)
102 http fetch GET 200 https://registry.npmjs.org/@types%2fsend 107ms (cache miss)
103 http fetch GET 200 https://registry.npmjs.org/@types%2fmime 111ms (cache miss)
104 timing idealTree:node_modules/@types/express Completed in 124ms
105 timing idealTree:node_modules/@types/body-parser Completed in 0ms
106 silly placeDep ROOT @types/range-parser@1.2.4 OK for: @types/express-serve-static-core@4.17.35 want: *
107 silly placeDep ROOT @types/send@0.17.1 OK for: @types/express-serve-static-core@4.17.35 want: *
108 silly fetch manifest @types/mime@^1
109 timing idealTree:node_modules/@types/express-serve-static-core Completed in 7ms
110 silly placeDep ROOT log4js@6.9.1 OK for: @types/karma@6.3.3 want: ^6.4.1
111 silly fetch manifest date-format@^4.0.14
112 silly fetch manifest debug@^4.3.4
113 silly fetch manifest flatted@^3.2.7
114 silly fetch manifest rfdc@^1.3.0
115 silly fetch manifest streamroller@^3.1.5
116 http fetch GET 200 https://registry.npmjs.org/flatted 281ms (cache miss)
117 http fetch GET 200 https://registry.npmjs.org/streamroller 301ms (cache miss)
118 http fetch GET 200 https://registry.npmjs.org/debug 309ms (cache miss)
119 http fetch GET 200 https://registry.npmjs.org/date-format 1113ms (cache miss)
120 http fetch GET 200 https://registry.npmjs.org/rfdc 1411ms (cache miss)
121 timing idealTree:node_modules/@types/karma Completed in 1418ms
122 timing idealTree:node_modules/@types/karma-chrome-launcher Completed in 0ms
123 silly placeDep ROOT @types/istanbul@0.4.30 OK for: @types/karma-coverage@2.0.1 want: *
124 timing idealTree:node_modules/@types/karma-coverage Completed in 2ms
125 timing idealTree:node_modules/@types/istanbul Completed in 0ms
126 silly placeDep ROOT @types/jasmine@4.3.1 OK for: @types/karma-jasmine@4.0.2 want: *
127 timing idealTree:node_modules/@types/karma-jasmine Completed in 3ms
128 timing idealTree:node_modules/@types/jasmine Completed in 0ms
129 timing idealTree:node_modules/@types/karma-jasmine-html-reporter Completed in 0ms
130 silly placeDep ROOT @types/lodash@4.14.194 OK for: @types/lowdb@1.0.11 want: *
131 timing idealTree:node_modules/@types/lowdb Completed in 2ms
132 timing idealTree:node_modules/@types/lodash Completed in 0ms
133 timing idealTree:node_modules/@types/node Completed in 0ms
134 timing idealTree:node_modules/@types/qs Completed in 0ms
135 timing idealTree:node_modules/@types/range-parser Completed in 0ms
136 silly placeDep ROOT @types/mime@1.3.2 OK for: @types/send@0.17.1 want: ^1
137 timing idealTree:node_modules/@types/send Completed in 2ms
138 timing idealTree:node_modules/@types/mime Completed in 0ms
139 timing idealTree:node_modules/@types/serve-static Completed in 0ms
140 silly placeDep ROOT date-format@4.0.14 OK for: log4js@6.9.1 want: ^4.0.14
141 silly placeDep ROOT debug@4.3.4 OK for: log4js@6.9.1 want: ^4.3.4
142 silly placeDep ROOT flatted@3.2.7 OK for: log4js@6.9.1 want: ^3.2.7
143 silly placeDep ROOT rfdc@1.3.0 OK for: log4js@6.9.1 want: ^1.3.0
144 silly placeDep ROOT streamroller@3.1.5 OK for: log4js@6.9.1 want: ^3.1.5
145 silly fetch manifest ms@2.1.2
146 silly fetch manifest fs-extra@^8.1.0
147 http fetch GET 200 https://registry.npmjs.org/ms 98ms (cache miss)
148 http fetch GET 200 https://registry.npmjs.org/fs-extra 203ms (cache miss)
149 timing idealTree:node_modules/log4js Completed in 224ms
150 timing idealTree:node_modules/date-format Completed in 0ms
151 silly placeDep ROOT ms@2.1.2 OK for: debug@4.3.4 want: 2.1.2
152 timing idealTree:node_modules/debug Completed in 5ms
153 timing idealTree:node_modules/flatted Completed in 0ms
154 timing idealTree:node_modules/ms Completed in 0ms
155 timing idealTree:node_modules/rfdc Completed in 0ms
156 silly placeDep ROOT fs-extra@8.1.0 OK for: streamroller@3.1.5 want: ^8.1.0
157 silly fetch manifest graceful-fs@^4.2.0
158 silly fetch manifest jsonfile@^4.0.0
159 silly fetch manifest universalify@^0.1.0
160 http fetch GET 200 https://registry.npmjs.org/universalify 131ms (cache miss)
161 http fetch GET 200 https://registry.npmjs.org/jsonfile 138ms (cache miss)
162 http fetch GET 200 https://registry.npmjs.org/graceful-fs 152ms (cache miss)
163 timing idealTree:node_modules/streamroller Completed in 161ms
164 silly placeDep ROOT graceful-fs@4.2.11 OK for: fs-extra@8.1.0 want: ^4.2.0
165 silly placeDep ROOT jsonfile@4.0.0 OK for: fs-extra@8.1.0 want: ^4.0.0
166 silly placeDep ROOT universalify@0.1.2 OK for: fs-extra@8.1.0 want: ^0.1.0
167 timing idealTree:node_modules/fs-extra Completed in 9ms
168 timing idealTree:node_modules/graceful-fs Completed in 0ms
169 timing idealTree:node_modules/jsonfile Completed in 0ms
170 timing idealTree:node_modules/universalify Completed in 0ms
171 timing idealTree:buildDeps Completed in 4912ms
172 timing idealTree:fixDepFlags Completed in 2ms
173 timing idealTree Completed in 7456ms
174 timing reify:loadTrees Completed in 7457ms
175 timing reify:diffTrees Completed in 3ms
176 silly reify moves {}
177 timing reify:retireShallow Completed in 1ms
178 timing reify:createSparse Completed in 5ms
179 timing reify:loadBundles Completed in 0ms
180 silly audit bulk request {
180 silly audit   'types-registry': [ '0.1.645' ],
180 silly audit   '@types/bootstrap': [ '5.2.6' ],
180 silly audit   '@types/json-server': [ '0.14.4' ],
180 silly audit   '@types/karma': [ '6.3.3' ],
180 silly audit   '@types/karma-chrome-launcher': [ '3.1.1' ],
180 silly audit   '@types/karma-coverage': [ '2.0.1' ],
180 silly audit   '@types/karma-jasmine': [ '4.0.2' ],
180 silly audit   '@types/karma-jasmine-html-reporter': [ '1.7.0' ],
180 silly audit   '@popperjs/core': [ '2.11.7' ],
180 silly audit   '@types/connect': [ '3.4.35' ],
180 silly audit   '@types/express': [ '4.17.17' ],
180 silly audit   '@types/lowdb': [ '1.0.11' ],
180 silly audit   '@types/node': [ '20.2.3' ],
180 silly audit   '@types/body-parser': [ '1.19.2' ],
180 silly audit   '@types/express-serve-static-core': [ '4.17.35' ],
180 silly audit   '@types/qs': [ '6.9.7' ],
180 silly audit   '@types/serve-static': [ '1.15.1' ],
180 silly audit   '@types/range-parser': [ '1.2.4' ],
180 silly audit   '@types/send': [ '0.17.1' ],
180 silly audit   log4js: [ '6.9.1' ],
180 silly audit   '@types/istanbul': [ '0.4.30' ],
180 silly audit   '@types/jasmine': [ '4.3.1' ],
180 silly audit   '@types/lodash': [ '4.14.194' ],
180 silly audit   '@types/mime': [ '1.3.2' ],
180 silly audit   'date-format': [ '4.0.14' ],
180 silly audit   debug: [ '4.3.4' ],
180 silly audit   flatted: [ '3.2.7' ],
180 silly audit   rfdc: [ '1.3.0' ],
180 silly audit   streamroller: [ '3.1.5' ],
180 silly audit   ms: [ '2.1.2' ],
180 silly audit   'fs-extra': [ '8.1.0' ],
180 silly audit   'graceful-fs': [ '4.2.11' ],
180 silly audit   jsonfile: [ '4.0.0' ],
180 silly audit   universalify: [ '0.1.2' ]
180 silly audit }
181 silly tarball no local data for @types/lodash@https://registry.npmjs.org/@types/lodash/-/lodash-4.14.194.tgz. Extracting by manifest.
182 silly tarball no local data for @types/istanbul@https://registry.npmjs.org/@types/istanbul/-/istanbul-0.4.30.tgz. Extracting by manifest.
183 silly tarball no local data for @types/node@https://registry.npmjs.org/@types/node/-/node-20.2.3.tgz. Extracting by manifest.
184 silly tarball no local data for @types/express-serve-static-core@https://registry.npmjs.org/@types/express-serve-static-core/-/express-serve-static-core-4.17.35.tgz. Extracting by manifest.
185 silly tarball no local data for @types/lowdb@https://registry.npmjs.org/@types/lowdb/-/lowdb-1.0.11.tgz. Extracting by manifest.
186 silly tarball no local data for @types/karma-jasmine-html-reporter@https://registry.npmjs.org/@types/karma-jasmine-html-reporter/-/karma-jasmine-html-reporter-1.7.0.tgz. Extracting by manifest.
187 silly tarball no local data for @types/karma-coverage@https://registry.npmjs.org/@types/karma-coverage/-/karma-coverage-2.0.1.tgz. Extracting by manifest.
188 silly tarball no local data for @types/karma-jasmine@https://registry.npmjs.org/@types/karma-jasmine/-/karma-jasmine-4.0.2.tgz. Extracting by manifest.
189 silly tarball no local data for @types/karma-chrome-launcher@https://registry.npmjs.org/@types/karma-chrome-launcher/-/karma-chrome-launcher-3.1.1.tgz. Extracting by manifest.
190 silly tarball no local data for @types/json-server@https://registry.npmjs.org/@types/json-server/-/json-server-0.14.4.tgz. Extracting by manifest.
191 silly tarball no local data for @types/karma@https://registry.npmjs.org/@types/karma/-/karma-6.3.3.tgz. Extracting by manifest.
192 silly tarball no local data for @types/bootstrap@https://registry.npmjs.org/@types/bootstrap/-/bootstrap-5.2.6.tgz. Extracting by manifest.
193 timing reifyNode:node_modules/universalify Completed in 172ms
194 timing reifyNode:node_modules/ms Completed in 172ms
195 timing reifyNode:node_modules/@types/send Completed in 172ms
196 timing reifyNode:node_modules/@types/range-parser Completed in 172ms
197 timing reifyNode:node_modules/@types/serve-static Completed in 173ms
198 timing reifyNode:node_modules/@types/qs Completed in 173ms
199 timing reifyNode:node_modules/@types/body-parser Completed in 172ms
200 timing reifyNode:node_modules/@types/connect Completed in 172ms
201 timing reifyNode:node_modules/@types/express Completed in 173ms
202 timing reifyNode:node_modules/jsonfile Completed in 177ms
203 timing reifyNode:node_modules/@types/mime Completed in 176ms
204 timing reifyNode:node_modules/graceful-fs Completed in 177ms
205 timing reifyNode:node_modules/date-format Completed in 177ms
206 timing reifyNode:node_modules/@types/jasmine Completed in 177ms
207 timing reifyNode:node_modules/debug Completed in 178ms
208 timing reifyNode:node_modules/rfdc Completed in 180ms
209 timing reifyNode:node_modules/streamroller Completed in 182ms
210 timing reifyNode:node_modules/flatted Completed in 182ms
211 timing reifyNode:node_modules/log4js Completed in 192ms
212 timing reifyNode:node_modules/fs-extra Completed in 195ms
213 http fetch GET 200 https://registry.npmjs.org/@types/express-serve-static-core/-/express-serve-static-core-4.17.35.tgz 220ms (cache miss)
214 timing reifyNode:node_modules/@types/express-serve-static-core Completed in 254ms
215 timing reifyNode:node_modules/@popperjs/core Completed in 345ms
216 http fetch POST 200 https://registry.npmjs.org/-/npm/v1/security/advisories/bulk 394ms
217 timing auditReport:getReport Completed in 400ms
218 silly audit report {}
219 timing auditReport:init Completed in 0ms
220 timing reify:audit Completed in 400ms
221 http fetch GET 200 https://registry.npmjs.org/@types/lodash/-/lodash-4.14.194.tgz 459ms (cache miss)
222 timing reifyNode:node_modules/@types/lodash Completed in 489ms
223 http fetch GET 200 https://registry.npmjs.org/@types/bootstrap/-/bootstrap-5.2.6.tgz 840ms (cache miss)
224 timing reifyNode:node_modules/@types/bootstrap Completed in 887ms
225 http fetch GET 200 https://registry.npmjs.org/@types/json-server/-/json-server-0.14.4.tgz 1003ms (cache miss)
226 timing reifyNode:node_modules/@types/json-server Completed in 1048ms
227 http fetch GET 200 https://registry.npmjs.org/@types/istanbul/-/istanbul-0.4.30.tgz 1075ms (cache miss)
228 timing reifyNode:node_modules/@types/istanbul Completed in 1108ms
229 http fetch GET 200 https://registry.npmjs.org/@types/lowdb/-/lowdb-1.0.11.tgz 1137ms (cache miss)
230 http fetch GET 200 https://registry.npmjs.org/@types/node/-/node-20.2.3.tgz 1148ms (cache miss)
231 http fetch GET 200 https://registry.npmjs.org/@types/karma-coverage/-/karma-coverage-2.0.1.tgz 1144ms (cache miss)
232 timing reifyNode:node_modules/@types/karma-coverage Completed in 1183ms
233 timing reifyNode:node_modules/@types/node Completed in 1184ms
234 timing reifyNode:node_modules/@types/lowdb Completed in 1184ms
235 http fetch GET 200 https://registry.npmjs.org/@types/karma-jasmine/-/karma-jasmine-4.0.2.tgz 1658ms (cache miss)
236 timing reifyNode:node_modules/@types/karma-jasmine Completed in 1699ms
237 http fetch GET 200 https://registry.npmjs.org/@types/karma-chrome-launcher/-/karma-chrome-launcher-3.1.1.tgz 1696ms (cache miss)
238 timing reifyNode:node_modules/@types/karma-chrome-launcher Completed in 1737ms
239 http fetch GET 200 https://registry.npmjs.org/@types/karma/-/karma-6.3.3.tgz 1751ms (cache miss)
240 timing reifyNode:node_modules/@types/karma Completed in 1796ms
241 http fetch GET 200 https://registry.npmjs.org/@types/karma-jasmine-html-reporter/-/karma-jasmine-html-reporter-1.7.0.tgz 1798ms (cache miss)
242 timing reifyNode:node_modules/@types/karma-jasmine-html-reporter Completed in 1835ms
243 timing reify:unpack Completed in 1837ms
244 timing reify:unretire Completed in 0ms
245 timing build:queue Completed in 5ms
246 timing build:deps Completed in 5ms
247 timing build Completed in 6ms
248 timing reify:build Completed in 6ms
249 timing reify:trash Completed in 0ms
250 timing reify:save Completed in 24ms
251 timing reify Completed in 9360ms
252 silly ADD node_modules/universalify
253 silly ADD node_modules/jsonfile
254 silly ADD node_modules/graceful-fs
255 silly ADD node_modules/fs-extra
256 silly ADD node_modules/ms
257 silly ADD node_modules/streamroller
258 silly ADD node_modules/rfdc
259 silly ADD node_modules/flatted
260 silly ADD node_modules/debug
261 silly ADD node_modules/date-format
262 silly ADD node_modules/@types/mime
263 silly ADD node_modules/@types/lodash
264 silly ADD node_modules/@types/jasmine
265 silly ADD node_modules/@types/istanbul
266 silly ADD node_modules/log4js
267 silly ADD node_modules/@types/send
268 silly ADD node_modules/@types/range-parser
269 silly ADD node_modules/@types/serve-static
270 silly ADD node_modules/@types/qs
271 silly ADD node_modules/@types/express-serve-static-core
272 silly ADD node_modules/@types/body-parser
273 silly ADD node_modules/@types/node
274 silly ADD node_modules/@types/lowdb
275 silly ADD node_modules/@types/express
276 silly ADD node_modules/@types/connect
277 silly ADD node_modules/@popperjs/core
278 silly ADD node_modules/@types/karma-jasmine-html-reporter
279 silly ADD node_modules/@types/karma-jasmine
280 silly ADD node_modules/@types/karma-coverage
281 silly ADD node_modules/@types/karma-chrome-launcher
282 silly ADD node_modules/@types/karma
283 silly ADD node_modules/@types/json-server
284 silly ADD node_modules/@types/bootstrap
285 timing command:install Completed in 9367ms
286 verbose exit 0
287 timing npm Completed in 9418ms
288 info ok
